Watching for file changes with StatReloader
C:\Users\Asus\AppData\Roaming\Python\Python310\site-packages\google\api_core\_python_version_support.py:275: FutureWarning: You are using a Python version (3.10.6) which Google will stop supporting in new releases of google.api_core once it reaches its end of life (2026-10-04). Please upgrade to the latest Python version, or at least Python 3.11, to continue receiving updates for google.api_core past that date.
  warnings.warn(message, FutureWarning)
Performing system checks...

System check identified no issues (0 silenced).
D:\Janki\product-sheet-design\backend\core\mydesk\urls.py changed, reloading.
May 04, 2026 - 16:40:27
Django version 5.1.7, using settings 'config.settings'
Starting development server at http://127.0.0.1:8000/
Quit the server with CTRL-BREAK.

Watching for file changes with StatReloader
C:\Users\Asus\AppData\Roaming\Python\Python310\site-packages\google\api_core\_python_version_support.py:275: FutureWarning: You are using a Python version (3.10.6) which Google will stop supporting in new releases of google.api_core once it reaches its end of life (2026-10-04). Please upgrade to the latest Python version, or at least Python 3.11, to continue receiving updates for google.api_core past that date.
  warnings.warn(message, FutureWarning)
Performing system checks...

System check identified no issues (0 silenced).
Unauthorized: /api/team/members/
[04/May/2026 17:08:00] "GET /api/team/members/ HTTP/1.1" 401 291
[04/May/2026 17:08:00] "POST /api/v1/auth/refresh/ HTTP/1.1" 200 307
[04/May/2026 17:08:00] "GET /api/team/members/ HTTP/1.1" 200 2
Unauthorized: /api/team/members/
[04/May/2026 17:08:00] "GET /api/team/members/ HTTP/1.1" 401 291
[04/May/2026 17:08:00] "POST /api/v1/auth/refresh/ HTTP/1.1" 200 307
[04/May/2026 17:08:00] "GET /api/team/members/ HTTP/1.1" 200 2
[04/May/2026 17:08:18] "GET /api/v1/auth/me/ HTTP/1.1" 200 227
[04/May/2026 17:08:18] "GET /api/v1/auth/me/ HTTP/1.1" 200 227
[04/May/2026 17:08:18] "GET /api/mydesk/notes/ HTTP/1.1" 200 2
[04/May/2026 17:08:18] "GET /api/team/members/ HTTP/1.1" 200 2
[04/May/2026 17:08:18] "GET /api/calendar/status/ HTTP/1.1" 200 19
[04/May/2026 17:08:18] "GET /api/mydesk/notes/ HTTP/1.1" 200 2
[04/May/2026 17:08:18] "GET /api/team/members/ HTTP/1.1" 200 2
[04/May/2026 17:08:18] "GET /api/calendar/status/ HTTP/1.1" 200 19
[04/May/2026 17:08:22] "POST /api/mydesk/notes/ HTTP/1.1" 201 376
[04/May/2026 17:08:25] "GET /api/calendar/auth/ HTTP/1.1" 200 545
[04/May/2026 17:09:07] "GET /api/v1/auth/me/ HTTP/1.1" 200 227
[04/May/2026 17:09:07] "GET /api/v1/auth/me/ HTTP/1.1" 200 227
[04/May/2026 17:09:07] "GET /api/calendar/status/ HTTP/1.1" 200 19
[04/May/2026 17:09:07] "GET /api/mydesk/notes/ HTTP/1.1" 200 378
[04/May/2026 17:09:07] "GET /api/calendar/status/ HTTP/1.1" 200 19
[04/May/2026 17:09:07] "GET /api/mydesk/notes/ HTTP/1.1" 200 378
[04/May/2026 17:09:07] "GET /api/team/members/ HTTP/1.1" 200 2
[04/May/2026 17:09:07] "GET /api/team/members/ HTTP/1.1" 200 2
[04/May/2026 17:09:24] "GET /api/mydesk/notes/ HTTP/1.1" 200 378
[04/May/2026 17:09:24] "GET /api/mydesk/notes/ HTTP/1.1" 200 378
[04/May/2026 17:09:36] "GET /api/mydesk/notes/ HTTP/1.1" 200 378
[04/May/2026 17:09:36] "GET /api/mydesk/notes/ HTTP/1.1" 200 378
[04/May/2026 17:11:12] "GET /api/v1/auth/me/ HTTP/1.1" 200 227
[04/May/2026 17:11:12] "GET /api/v1/auth/me/ HTTP/1.1" 200 227
[04/May/2026 17:11:12] "GET /api/calendar/status/ HTTP/1.1" 200 19
[04/May/2026 17:11:12] "GET /api/mydesk/notes/ HTTP/1.1" 200 378
[04/May/2026 17:11:12] "GET /api/calendar/status/ HTTP/1.1" 200 19
[04/May/2026 17:11:12] "GET /api/mydesk/notes/ HTTP/1.1" 200 378
[04/May/2026 17:11:12] "GET /api/team/members/ HTTP/1.1" 200 2
[04/May/2026 17:11:12] "GET /api/team/members/ HTTP/1.1" 200 2
[04/May/2026 17:11:13] "GET /api/calendar/auth/ HTTP/1.1" 200 545
Bad Request: /api/calendar/callback/
[04/May/2026 17:11:30] "GET /api/calendar/callback/?code=4%2F0AeoWuM_yAXDsakMUDnw_vWpaKNi6bgqLUELmQ8f_yaIvrs3Owj-uSk3dGlunWHMNicr18g HTTP/1.1" 400 50
[04/May/2026 17:11:30] "GET /api/v1/auth/me/ HTTP/1.1" 200 227
[04/May/2026 17:11:30] "GET /api/v1/auth/me/ HTTP/1.1" 200 227
[04/May/2026 17:11:30] "GET /api/calendar/status/ HTTP/1.1" 200 19
[04/May/2026 17:11:30] "GET /api/mydesk/notes/ HTTP/1.1" 200 378
[04/May/2026 17:11:30] "GET /api/calendar/status/ HTTP/1.1" 200 19
[04/May/2026 17:11:30] "GET /api/mydesk/notes/ HTTP/1.1" 200 378
[04/May/2026 17:11:30] "GET /api/team/members/ HTTP/1.1" 200 2
[04/May/2026 17:11:30] "GET /api/team/members/ HTTP/1.1" 200 2
[04/May/2026 17:11:36] "GET /api/v1/auth/me/ HTTP/1.1" 200 227
[04/May/2026 17:11:37] "GET /api/mydesk/notes/ HTTP/1.1" 200 378
[04/May/2026 17:11:37] "GET /api/v1/auth/me/ HTTP/1.1" 200 227
[04/May/2026 17:11:37] "GET /api/mydesk/notes/ HTTP/1.1" 200 378
[04/May/2026 17:11:37] "GET /api/calendar/status/ HTTP/1.1" 200 19
[04/May/2026 17:11:37] "GET /api/team/members/ HTTP/1.1" 200 2
[04/May/2026 17:11:37] "GET /api/calendar/status/ HTTP/1.1" 200 19
[04/May/2026 17:11:37] "GET /api/team/members/ HTTP/1.1" 200 2
[04/May/2026 17:11:49] "GET /api/calendar/auth/ HTTP/1.1" 200 545
[04/May/2026 17:11:52] "GET /api/v1/auth/me/ HTTP/1.1" 200 227
[04/May/2026 17:11:52] "GET /api/v1/auth/me/ HTTP/1.1" 200 227
[04/May/2026 17:11:53] "GET /api/calendar/status/ HTTP/1.1" 200 19
[04/May/2026 17:11:53] "GET /api/mydesk/notes/ HTTP/1.1" 200 378
[04/May/2026 17:11:53] "GET /api/calendar/status/ HTTP/1.1" 200 19
[04/May/2026 17:11:53] "GET /api/mydesk/notes/ HTTP/1.1" 200 378
[04/May/2026 17:11:53] "GET /api/team/members/ HTTP/1.1" 200 2
[04/May/2026 17:11:53] "GET /api/team/members/ HTTP/1.1" 200 2
[04/May/2026 17:13:17] "GET /api/v1/auth/me/ HTTP/1.1" 200 227
[04/May/2026 17:13:17] "GET /api/v1/auth/me/ HTTP/1.1" 200 227
[04/May/2026 17:13:17] "GET /api/calendar/status/ HTTP/1.1" 200 19
[04/May/2026 17:13:17] "GET /api/mydesk/notes/ HTTP/1.1" 200 378
[04/May/2026 17:13:17] "GET /api/calendar/status/ HTTP/1.1" 200 19
[04/May/2026 17:13:17] "GET /api/mydesk/notes/ HTTP/1.1" 200 378
[04/May/2026 17:13:17] "GET /api/team/members/ HTTP/1.1" 200 2
[04/May/2026 17:13:17] "GET /api/team/members/ HTTP/1.1" 200 2
[04/May/2026 17:13:35] "GET /api/v1/auth/me/ HTTP/1.1" 200 227
[04/May/2026 17:13:35] "GET /api/v1/auth/me/ HTTP/1.1" 200 227
[04/May/2026 17:13:35] "GET /api/v1/auth/me/ HTTP/1.1" 200 227
[04/May/2026 17:13:35] "GET /api/v1/auth/me/ HTTP/1.1" 200 227
[04/May/2026 17:13:55] "POST /api/v1/auth/google/ HTTP/1.1" 200 739
[04/May/2026 17:13:55] "GET /api/v1/auth/me/ HTTP/1.1" 200 265
[04/May/2026 17:13:55] "GET /api/v1/auth/me/ HTTP/1.1" 200 265
[04/May/2026 17:13:55] "GET /api/v1/workforce/?search=kartik15.janki%40gmail.com&page_size=100 HTTP/1.1" 200 791
[04/May/2026 17:13:55] "GET /api/v1/workforce/?search=kartik15.janki%40gmail.com&page_size=100 HTTP/1.1" 200 791
[04/May/2026 17:14:01] "GET /api/v1/auth/me/ HTTP/1.1" 200 265
[04/May/2026 17:14:01] "GET /api/v1/auth/me/ HTTP/1.1" 200 265
[04/May/2026 17:14:02] "GET /api/v1/workforce/?page_size=200 HTTP/1.1" 200 11216
[04/May/2026 17:14:02] "GET /api/v1/workforce/?page_size=200 HTTP/1.1" 200 11216
[04/May/2026 17:14:10] "POST /api/v1/auth/login/ HTTP/1.1" 200 537
[04/May/2026 17:14:10] "GET /api/v1/auth/me/ HTTP/1.1" 200 227
[04/May/2026 17:14:10] "GET /api/v1/auth/me/ HTTP/1.1" 200 227
[04/May/2026 17:14:10] "GET /api/v1/auth/me/ HTTP/1.1" 200 227
[04/May/2026 17:14:12] "GET /api/v1/auth/me/ HTTP/1.1" 200 227
[04/May/2026 17:14:12] "GET /api/v1/auth/me/ HTTP/1.1" 200 227
[04/May/2026 17:14:12] "GET /api/v1/workforce/?page_size=200 HTTP/1.1" 200 11216
[04/May/2026 17:14:12] "GET /api/v1/workforce/?page_size=200 HTTP/1.1" 200 11216
[04/May/2026 17:14:20] "POST /api/v1/auth/login/ HTTP/1.1" 200 537
[04/May/2026 17:14:20] "GET /api/v1/auth/me/ HTTP/1.1" 200 227
[04/May/2026 17:14:21] "GET /api/v1/auth/me/ HTTP/1.1" 200 227
[04/May/2026 17:14:21] "GET /api/v1/auth/me/ HTTP/1.1" 200 227
[04/May/2026 17:14:23] "GET /api/v1/auth/me/ HTTP/1.1" 200 227
[04/May/2026 17:14:23] "GET /api/v1/auth/me/ HTTP/1.1" 200 227
[04/May/2026 17:14:23] "GET /api/v1/workforce/?page_size=200 HTTP/1.1" 200 11216
[04/May/2026 17:14:23] "GET /api/v1/workforce/?page_size=200 HTTP/1.1" 200 11216
[04/May/2026 17:14:45] "POST /api/v1/auth/google/ HTTP/1.1" 200 743
[04/May/2026 17:14:45] "GET /api/v1/auth/me/ HTTP/1.1" 200 269
[04/May/2026 17:14:45] "GET /api/v1/workforce/?search=kartik1507sharma%40gmail.com&page_size=100 HTTP/1.1" 200 2895
[04/May/2026 17:14:45] "GET /api/v1/auth/me/ HTTP/1.1" 200 269
[04/May/2026 17:14:45] "GET /api/v1/workforce/?search=kartik1507sharma%40gmail.com&page_size=100 HTTP/1.1" 200 2895
[04/May/2026 17:14:48] "GET /api/v1/auth/me/ HTTP/1.1" 200 269
[04/May/2026 17:14:48] "GET /api/v1/auth/me/ HTTP/1.1" 200 269
[04/May/2026 17:14:48] "GET /api/v1/workforce/?search=kartik1507sharma%40gmail.com&page_size=100 HTTP/1.1" 200 2895
[04/May/2026 17:14:48] "GET /api/v1/workforce/?page_size=200 HTTP/1.1" 200 11217
[04/May/2026 17:14:55] "POST /api/v1/auth/login/ HTTP/1.1" 200 537
[04/May/2026 17:14:55] "GET /api/v1/auth/me/ HTTP/1.1" 200 227
[04/May/2026 17:14:55] "GET /api/v1/auth/me/ HTTP/1.1" 200 227
[04/May/2026 17:14:55] "GET /api/v1/auth/me/ HTTP/1.1" 200 227
[04/May/2026 17:14:58] "GET /api/v1/auth/me/ HTTP/1.1" 200 227
[04/May/2026 17:14:58] "GET /api/v1/auth/me/ HTTP/1.1" 200 227
[04/May/2026 17:14:58] "GET /api/v1/auth/me/ HTTP/1.1" 200 227
[04/May/2026 17:14:58] "GET /api/v1/workforce/?page_size=200 HTTP/1.1" 200 11217
[04/May/2026 17:15:08] "PATCH /api/v1/workforce/1/ HTTP/1.1" 200 2978
[04/May/2026 17:15:09] "POST /api/v1/auth/approve-user/ HTTP/1.1" 200 116
[04/May/2026 17:15:12] "GET /api/v1/auth/me/ HTTP/1.1" 200 227
[04/May/2026 17:15:12] "GET /api/v1/auth/me/ HTTP/1.1" 200 227
[04/May/2026 17:15:20] "POST /api/v1/auth/google/ HTTP/1.1" 200 744
[04/May/2026 17:15:20] "GET /api/v1/auth/me/ HTTP/1.1" 200 268
[04/May/2026 17:15:21] "GET /api/v1/workforce/?search=kartik1507sharma%40gmail.com&page_size=100 HTTP/1.1" 200 2980
[04/May/2026 17:15:21] "GET /api/v1/auth/me/ HTTP/1.1" 200 268
[04/May/2026 17:15:21] "GET /api/v1/workforce/?search=kartik1507sharma%40gmail.com&page_size=100 HTTP/1.1" 200 2980
[04/May/2026 17:15:24] "GET /api/v1/auth/me/ HTTP/1.1" 200 268
[04/May/2026 17:15:24] "GET /api/v1/auth/me/ HTTP/1.1" 200 268
[04/May/2026 17:15:24] "GET /api/v1/auth/me/ HTTP/1.1" 200 268
[04/May/2026 17:15:24] "GET /api/v1/workforce/?page_size=200 HTTP/1.1" 200 11302
[04/May/2026 17:15:24] "GET /api/v1/workforce/?search=kartik1507sharma%40gmail.com&page_size=100 HTTP/1.1" 200 2980
[04/May/2026 17:15:32] "GET /api/v1/auth/me/ HTTP/1.1" 200 268
[04/May/2026 17:15:32] "GET /api/v1/auth/me/ HTTP/1.1" 200 268
[04/May/2026 17:15:32] "GET /api/v1/workforce/?search=kartik1507sharma%40gmail.com&page_size=100 HTTP/1.1" 200 2980
[04/May/2026 17:15:32] "GET /api/v1/workforce/?search=kartik1507sharma%40gmail.com&page_size=100 HTTP/1.1" 200 2980
[04/May/2026 17:15:39] "POST /api/v1/auth/login/ HTTP/1.1" 200 537
[04/May/2026 17:15:39] "GET /api/v1/auth/me/ HTTP/1.1" 200 227
[04/May/2026 17:15:39] "GET /api/v1/auth/me/ HTTP/1.1" 200 227
[04/May/2026 17:15:39] "GET /api/v1/auth/me/ HTTP/1.1" 200 227
D:\Janki\product-sheet-design\backend\customers\views.py changed, reloading.
May 04, 2026 - 17:07:59
Django version 5.1.7, using settings 'config.settings'
Starting development server at http://127.0.0.1:8000/
Quit the server with CTRL-BREAK.

Watching for file changes with StatReloader
C:\Users\Asus\AppData\Roaming\Python\Python310\site-packages\google\api_core\_python_version_support.py:275: FutureWarning: You are using a Python version (3.10.6) which Google will stop supporting in new releases of google.api_core once it reaches its end of life (2026-10-04). Please upgrade to the latest Python version, or at least Python 3.11, to continue receiving updates for google.api_core past that date.
  warnings.warn(message, FutureWarning)
Performing system checks...

System check identified no issues (0 silenced).
[04/May/2026 17:17:25] "GET /api/v1/auth/me/ HTTP/1.1" 200 227
[04/May/2026 17:19:25] "GET /api/v1/auth/me/ HTTP/1.1" 200 227
[04/May/2026 17:20:57] "GET /api/v1/auth/me/ HTTP/1.1" 200 227
[04/May/2026 17:21:25] "GET /api/v1/auth/me/ HTTP/1.1" 200 227
[04/May/2026 17:21:42] "GET /api/v1/auth/me/ HTTP/1.1" 200 227
[04/May/2026 17:21:42] "GET /api/v1/auth/me/ HTTP/1.1" 200 227
[04/May/2026 17:21:51] "GET /api/v1/auth/me/ HTTP/1.1" 200 227
[04/May/2026 17:21:51] "GET /api/v1/auth/me/ HTTP/1.1" 200 227
[04/May/2026 17:23:13] "GET /api/v1/auth/me/ HTTP/1.1" 200 227
[04/May/2026 17:23:15] "GET /api/v1/auth/me/ HTTP/1.1" 200 227
[04/May/2026 17:23:15] "GET /api/v1/auth/me/ HTTP/1.1" 200 227
D:\Janki\product-sheet-design\backend\calendar_integration\views.py changed, reloading.
May 04, 2026 - 17:16:54
Django version 5.1.7, using settings 'config.settings'
Starting development server at http://127.0.0.1:8000/
Quit the server with CTRL-BREAK.

Watching for file changes with StatReloader
C:\Users\Asus\AppData\Roaming\Python\Python310\site-packages\google\api_core\_python_version_support.py:275: FutureWarning: You are using a Python version (3.10.6) which Google will stop supporting in new releases of google.api_core once it reaches its end of life (2026-10-04). Please upgrade to the latest Python version, or at least Python 3.11, to continue receiving updates for google.api_core past that date.
  warnings.warn(message, FutureWarning)
Performing system checks...

System check identified no issues (0 silenced).
D:\Janki\product-sheet-design\backend\calendar_integration\views.py changed, reloading.
May 04, 2026 - 17:23:19
Django version 5.1.7, using settings 'config.settings'
Starting development server at http://127.0.0.1:8000/
Quit the server with CTRL-BREAK.

Watching for file changes with StatReloader
C:\Users\Asus\AppData\Roaming\Python\Python310\site-packages\google\api_core\_python_version_support.py:275: FutureWarning: You are using a Python version (3.10.6) which Google will stop supporting in new releases of google.api_core once it reaches its end of life (2026-10-04). Please upgrade to the latest Python version, or at least Python 3.11, to continue receiving updates for google.api_core past that date.
  warnings.warn(message, FutureWarning)
Performing system checks...

System check identified no issues (0 silenced).
D:\Janki\product-sheet-design\backend\config\settings\base.py changed, reloading.
May 04, 2026 - 17:23:24
Django version 5.1.7, using settings 'config.settings'
Starting development server at http://127.0.0.1:8000/
Quit the server with CTRL-BREAK.

Watching for file changes with StatReloader
C:\Users\Asus\AppData\Roaming\Python\Python310\site-packages\google\api_core\_python_version_support.py:275: FutureWarning: You are using a Python version (3.10.6) which Google will stop supporting in new releases of google.api_core once it reaches its end of life (2026-10-04). Please upgrade to the latest Python version, or at least Python 3.11, to continue receiving updates for google.api_core past that date.
  warnings.warn(message, FutureWarning)
Performing system checks...

System check identified no issues (0 silenced).
D:\Janki\product-sheet-design\backend\common\migrations\0004_activitylog.py changed, reloading.
May 04, 2026 - 17:24:56
Django version 5.1.7, using settings 'config.settings'
Starting development server at http://127.0.0.1:8000/
Quit the server with CTRL-BREAK.

Watching for file changes with StatReloader
Exception in thread django-main-thread:
Traceback (most recent call last):
  File "C:\Program Files\Python310\lib\threading.py", line 1016, in _bootstrap_inner
    self.run()
  File "C:\Program Files\Python310\lib\threading.py", line 953, in run
    self._target(*self._args, **self._kwargs)
  File "C:\Users\Asus\AppData\Roaming\Python\Python310\site-packages\django\utils\autoreload.py", line 64, in wrapper
    fn(*args, **kwargs)
  File "C:\Users\Asus\AppData\Roaming\Python\Python310\site-packages\django\core\management\commands\runserver.py", line 134, in inner_run
    self.check(display_num_errors=True)
  File "C:\Users\Asus\AppData\Roaming\Python\Python310\site-packages\django\core\management\base.py", line 486, in check
    all_issues = checks.run_checks(
  File "C:\Users\Asus\AppData\Roaming\Python\Python310\site-packages\django\core\checks\registry.py", line 88, in run_checks
    new_errors = check(app_configs=app_configs, databases=databases)
  File "C:\Users\Asus\AppData\Roaming\Python\Python310\site-packages\django\core\checks\urls.py", line 136, in check_custom_error_handlers
    handler = resolver.resolve_error_handler(status_code)
  File "C:\Users\Asus\AppData\Roaming\Python\Python310\site-packages\django\urls\resolvers.py", line 732, in resolve_error_handler
    callback = getattr(self.urlconf_module, "handler%s" % view_type, None)
  File "C:\Users\Asus\AppData\Roaming\Python\Python310\site-packages\django\utils\functional.py", line 47, in __get__
    res = instance.__dict__[self.name] = self.func(instance)
  File "C:\Users\Asus\AppData\Roaming\Python\Python310\site-packages\django\urls\resolvers.py", line 711, in urlconf_module
    return import_module(self.urlconf_name)
  File "C:\Program Files\Python310\lib\importlib\__init__.py", line 126, in import_module
    return _bootstrap._gcd_import(name[level:], package, level)
  File "<frozen importlib._bootstrap>", line 1050, in _gcd_import
  File "<frozen importlib._bootstrap>", line 1027, in _find_and_load
  File "<frozen importlib._bootstrap>", line 1006, in _find_and_load_unlocked
  File "<frozen importlib._bootstrap>", line 688, in _load_unlocked
  File "<frozen importlib._bootstrap_external>", line 883, in exec_module
  File "<frozen importlib._bootstrap>", line 241, in _call_with_frames_removed
  File "d:\Janki\product-sheet-design\backend\config\urls.py", line 59, in <module>
    path('', include('core.mydesk.urls')),
  File "C:\Users\Asus\AppData\Roaming\Python\Python310\site-packages\django\urls\conf.py", line 39, in include
    urlconf_module = import_module(urlconf_module)
  File "C:\Program Files\Python310\lib\importlib\__init__.py", line 126, in import_module
    return _bootstrap._gcd_import(name[level:], package, level)
  File "<frozen importlib._bootstrap>", line 1050, in _gcd_import
  File "<frozen importlib._bootstrap>", line 1027, in _find_and_load
  File "<frozen importlib._bootstrap>", line 1006, in _find_and_load_unlocked
  File "<frozen importlib._bootstrap>", line 688, in _load_unlocked
  File "<frozen importlib._bootstrap_external>", line 879, in exec_module
  File "<frozen importlib._bootstrap_external>", line 1017, in get_code
  File "<frozen importlib._bootstrap_external>", line 947, in source_to_code
  File "<frozen importlib._bootstrap>", line 241, in _call_with_frames_removed
  File "d:\Janki\product-sheet-design\backend\core\mydesk\urls.py", line 46
    <<<<<<< HEAD
    ^^
SyntaxError: invalid syntax
D:\Janki\product-sheet-design\backend\config\settings\base.py changed, reloading.
Performing system checks...

Watching for file changes with StatReloader
Exception in thread django-main-thread:
Traceback (most recent call last):
  File "C:\Program Files\Python310\lib\threading.py", line 1016, in _bootstrap_inner
    self.run()
  File "C:\Program Files\Python310\lib\threading.py", line 953, in run
    self._target(*self._args, **self._kwargs)
  File "C:\Users\Asus\AppData\Roaming\Python\Python310\site-packages\django\utils\autoreload.py", line 64, in wrapper
    fn(*args, **kwargs)
  File "C:\Users\Asus\AppData\Roaming\Python\Python310\site-packages\django\core\management\commands\runserver.py", line 134, in inner_run
    self.check(display_num_errors=True)
  File "C:\Users\Asus\AppData\Roaming\Python\Python310\site-packages\django\core\management\base.py", line 486, in check
    all_issues = checks.run_checks(
  File "C:\Users\Asus\AppData\Roaming\Python\Python310\site-packages\django\core\checks\registry.py", line 88, in run_checks
    new_errors = check(app_configs=app_configs, databases=databases)
  File "C:\Users\Asus\AppData\Roaming\Python\Python310\site-packages\django\core\checks\urls.py", line 136, in check_custom_error_handlers
    handler = resolver.resolve_error_handler(status_code)
  File "C:\Users\Asus\AppData\Roaming\Python\Python310\site-packages\django\urls\resolvers.py", line 732, in resolve_error_handler
    callback = getattr(self.urlconf_module, "handler%s" % view_type, None)
  File "C:\Users\Asus\AppData\Roaming\Python\Python310\site-packages\django\utils\functional.py", line 47, in __get__
    res = instance.__dict__[self.name] = self.func(instance)
  File "C:\Users\Asus\AppData\Roaming\Python\Python310\site-packages\django\urls\resolvers.py", line 711, in urlconf_module
    return import_module(self.urlconf_name)
  File "C:\Program Files\Python310\lib\importlib\__init__.py", line 126, in import_module
    return _bootstrap._gcd_import(name[level:], package, level)
  File "<frozen importlib._bootstrap>", line 1050, in _gcd_import
  File "<frozen importlib._bootstrap>", line 1027, in _find_and_load
  File "<frozen importlib._bootstrap>", line 1006, in _find_and_load_unlocked
  File "<frozen importlib._bootstrap>", line 688, in _load_unlocked
  File "<frozen importlib._bootstrap_external>", line 883, in exec_module
  File "<frozen importlib._bootstrap>", line 241, in _call_with_frames_removed
  File "d:\Janki\product-sheet-design\backend\config\urls.py", line 59, in <module>
    path('', include('core.mydesk.urls')),
  File "C:\Users\Asus\AppData\Roaming\Python\Python310\site-packages\django\urls\conf.py", line 39, in include
    urlconf_module = import_module(urlconf_module)
  File "C:\Program Files\Python310\lib\importlib\__init__.py", line 126, in import_module
    return _bootstrap._gcd_import(name[level:], package, level)
  File "<frozen importlib._bootstrap>", line 1050, in _gcd_import
  File "<frozen importlib._bootstrap>", line 1027, in _find_and_load
  File "<frozen importlib._bootstrap>", line 1006, in _find_and_load_unlocked
  File "<frozen importlib._bootstrap>", line 688, in _load_unlocked
  File "<frozen importlib._bootstrap_external>", line 879, in exec_module
  File "<frozen importlib._bootstrap_external>", line 1017, in get_code
  File "<frozen importlib._bootstrap_external>", line 947, in source_to_code
  File "<frozen importlib._bootstrap>", line 241, in _call_with_frames_removed
  File "d:\Janki\product-sheet-design\backend\core\mydesk\urls.py", line 46
    <<<<<<< HEAD
    ^^
SyntaxError: invalid syntax
Watching for file changes with StatReloader
Exception in thread django-main-thread:
Traceback (most recent call last):
  File "C:\Program Files\Python310\lib\threading.py", line 1016, in _bootstrap_inner
    self.run()
  File "C:\Program Files\Python310\lib\threading.py", line 953, in run
    self._target(*self._args, **self._kwargs)
  File "C:\Users\Asus\AppData\Roaming\Python\Python310\site-packages\django\utils\autoreload.py", line 64, in wrapper
    fn(*args, **kwargs)
  File "C:\Users\Asus\AppData\Roaming\Python\Python310\site-packages\django\core\management\commands\runserver.py", line 134, in inner_run
    self.check(display_num_errors=True)
  File "C:\Users\Asus\AppData\Roaming\Python\Python310\site-packages\django\core\management\base.py", line 486, in check
    all_issues = checks.run_checks(
  File "C:\Users\Asus\AppData\Roaming\Python\Python310\site-packages\django\core\checks\registry.py", line 88, in run_checks
    new_errors = check(app_configs=app_configs, databases=databases)
  File "C:\Users\Asus\AppData\Roaming\Python\Python310\site-packages\django\core\checks\urls.py", line 136, in check_custom_error_handlers
    handler = resolver.resolve_error_handler(status_code)
  File "C:\Users\Asus\AppData\Roaming\Python\Python310\site-packages\django\urls\resolvers.py", line 732, in resolve_error_handler
    callback = getattr(self.urlconf_module, "handler%s" % view_type, None)
  File "C:\Users\Asus\AppData\Roaming\Python\Python310\site-packages\django\utils\functional.py", line 47, in __get__
    res = instance.__dict__[self.name] = self.func(instance)
  File "C:\Users\Asus\AppData\Roaming\Python\Python310\site-packages\django\urls\resolvers.py", line 711, in urlconf_module
    return import_module(self.urlconf_name)
  File "C:\Program Files\Python310\lib\importlib\__init__.py", line 126, in import_module
    return _bootstrap._gcd_import(name[level:], package, level)
  File "<frozen importlib._bootstrap>", line 1050, in _gcd_import
  File "<frozen importlib._bootstrap>", line 1027, in _find_and_load
  File "<frozen importlib._bootstrap>", line 1006, in _find_and_load_unlocked
  File "<frozen importlib._bootstrap>", line 688, in _load_unlocked
  File "<frozen importlib._bootstrap_external>", line 883, in exec_module
  File "<frozen importlib._bootstrap>", line 241, in _call_with_frames_removed
  File "d:\Janki\product-sheet-design\backend\config\urls.py", line 59, in <module>
    path('', include('core.mydesk.urls')),
  File "C:\Users\Asus\AppData\Roaming\Python\Python310\site-packages\django\urls\conf.py", line 39, in include
    urlconf_module = import_module(urlconf_module)
  File "C:\Program Files\Python310\lib\importlib\__init__.py", line 126, in import_module
    return _bootstrap._gcd_import(name[level:], package, level)
  File "<frozen importlib._bootstrap>", line 1050, in _gcd_import
  File "<frozen importlib._bootstrap>", line 1027, in _find_and_load
  File "<frozen importlib._bootstrap>", line 1006, in _find_and_load_unlocked
  File "<frozen importlib._bootstrap>", line 688, in _load_unlocked
  File "<frozen importlib._bootstrap_external>", line 883, in exec_module
  File "<frozen importlib._bootstrap>", line 241, in _call_with_frames_removed
  File "d:\Janki\product-sheet-design\backend\core\mydesk\urls.py", line 2, in <module>
    from core.mydesk.views import (
  File "d:\Janki\product-sheet-design\backend\core\mydesk\views.py", line 7232
    <<<<<<< HEAD
    ^^
SyntaxError: invalid syntax
D:\Janki\product-sheet-design\backend\core\mydesk\views.py changed, reloading.
Performing system checks...

Watching for file changes with StatReloader
Exception in thread django-main-thread:
Traceback (most recent call last):
  File "C:\Program Files\Python310\lib\threading.py", line 1016, in _bootstrap_inner
    self.run()
  File "C:\Program Files\Python310\lib\threading.py", line 953, in run
    self._target(*self._args, **self._kwargs)
  File "C:\Users\Asus\AppData\Roaming\Python\Python310\site-packages\django\utils\autoreload.py", line 64, in wrapper
    fn(*args, **kwargs)
  File "C:\Users\Asus\AppData\Roaming\Python\Python310\site-packages\django\core\management\commands\runserver.py", line 134, in inner_run
    self.check(display_num_errors=True)
  File "C:\Users\Asus\AppData\Roaming\Python\Python310\site-packages\django\core\management\base.py", line 486, in check
    all_issues = checks.run_checks(
  File "C:\Users\Asus\AppData\Roaming\Python\Python310\site-packages\django\core\checks\registry.py", line 88, in run_checks
    new_errors = check(app_configs=app_configs, databases=databases)
  File "C:\Users\Asus\AppData\Roaming\Python\Python310\site-packages\django\core\checks\urls.py", line 136, in check_custom_error_handlers
    handler = resolver.resolve_error_handler(status_code)
  File "C:\Users\Asus\AppData\Roaming\Python\Python310\site-packages\django\urls\resolvers.py", line 732, in resolve_error_handler
    callback = getattr(self.urlconf_module, "handler%s" % view_type, None)
  File "C:\Users\Asus\AppData\Roaming\Python\Python310\site-packages\django\utils\functional.py", line 47, in __get__
    res = instance.__dict__[self.name] = self.func(instance)
  File "C:\Users\Asus\AppData\Roaming\Python\Python310\site-packages\django\urls\resolvers.py", line 711, in urlconf_module
    return import_module(self.urlconf_name)
  File "C:\Program Files\Python310\lib\importlib\__init__.py", line 126, in import_module
    return _bootstrap._gcd_import(name[level:], package, level)
  File "<frozen importlib._bootstrap>", line 1050, in _gcd_import
  File "<frozen importlib._bootstrap>", line 1027, in _find_and_load
  File "<frozen importlib._bootstrap>", line 1006, in _find_and_load_unlocked
  File "<frozen importlib._bootstrap>", line 688, in _load_unlocked
  File "<frozen importlib._bootstrap_external>", line 883, in exec_module
  File "<frozen importlib._bootstrap>", line 241, in _call_with_frames_removed
  File "d:\Janki\product-sheet-design\backend\config\urls.py", line 59, in <module>
    path('', include('core.mydesk.urls')),
  File "C:\Users\Asus\AppData\Roaming\Python\Python310\site-packages\django\urls\conf.py", line 39, in include
    urlconf_module = import_module(urlconf_module)
  File "C:\Program Files\Python310\lib\importlib\__init__.py", line 126, in import_module
    return _bootstrap._gcd_import(name[level:], package, level)
  File "<frozen importlib._bootstrap>", line 1050, in _gcd_import
  File "<frozen importlib._bootstrap>", line 1027, in _find_and_load
  File "<frozen importlib._bootstrap>", line 1006, in _find_and_load_unlocked
  File "<frozen importlib._bootstrap>", line 688, in _load_unlocked
  File "<frozen importlib._bootstrap_external>", line 883, in exec_module
  File "<frozen importlib._bootstrap>", line 241, in _call_with_frames_removed
  File "d:\Janki\product-sheet-design\backend\core\mydesk\urls.py", line 2, in <module>
    from core.mydesk.views import (
  File "d:\Janki\product-sheet-design\backend\core\mydesk\views.py", line 7232
    <<<<<<< HEAD
    ^^
SyntaxError: invalid syntax
D:\Janki\product-sheet-design\backend\core\mydesk\views.py changed, reloading.
Performing system checks...

Watching for file changes with StatReloader
C:\Users\Asus\AppData\Roaming\Python\Python310\site-packages\google\api_core\_python_version_support.py:275: FutureWarning: You are using a Python version (3.10.6) which Google will stop supporting in new releases of google.api_core once it reaches its end of life (2026-10-04). Please upgrade to the latest Python version, or at least Python 3.11, to continue receiving updates for google.api_core past that date.
  warnings.warn(message, FutureWarning)
Performing system checks...

System check identified no issues (0 silenced).

You have 1 unapplied migration(s). Your project may not work properly until you apply the migrations for app(s): mydesk.
Run 'python manage.py migrate' to apply them.
Unauthorized: /api/calendar/status/
[04/May/2026 17:28:16] "GET /api/calendar/status/ HTTP/1.1" 401 166
[04/May/2026 17:28:20] "GET /api/v1/auth/me/ HTTP/1.1" 200 227
[04/May/2026 17:29:06] "GET /api/v1/auth/me/ HTTP/1.1" 200 227
[04/May/2026 17:29:09] "GET /api/v1/auth/me/ HTTP/1.1" 200 227
[04/May/2026 17:29:09] "GET /api/v1/auth/me/ HTTP/1.1" 200 227
[04/May/2026 17:29:12] "GET /api/v1/auth/me/ HTTP/1.1" 200 227
[04/May/2026 17:29:12] "GET /api/v1/auth/me/ HTTP/1.1" 200 227
[04/May/2026 17:29:12] "GET /api/calendar/status/ HTTP/1.1" 200 19
[04/May/2026 17:29:12] "GET /api/mydesk/notes/ HTTP/1.1" 200 378
[04/May/2026 17:29:12] "GET /api/calendar/status/ HTTP/1.1" 200 19
[04/May/2026 17:29:12] "GET /api/mydesk/notes/ HTTP/1.1" 200 378
[04/May/2026 17:29:12] "GET /api/team/members/ HTTP/1.1" 200 2
[04/May/2026 17:29:13] "GET /api/team/members/ HTTP/1.1" 200 2
[04/May/2026 17:29:15] "GET /api/calendar/auth/ HTTP/1.1" 200 545
[04/May/2026 17:29:29] "GET /api/v1/auth/me/ HTTP/1.1" 200 227
[04/May/2026 17:29:29] "GET /api/v1/auth/me/ HTTP/1.1" 200 227
[04/May/2026 17:29:29] "GET /api/mydesk/notes/ HTTP/1.1" 200 378
[04/May/2026 17:29:29] "GET /api/mydesk/notes/ HTTP/1.1" 200 378
[04/May/2026 17:29:29] "GET /api/calendar/status/ HTTP/1.1" 200 19
[04/May/2026 17:29:29] "GET /api/team/members/ HTTP/1.1" 200 2
[04/May/2026 17:29:29] "GET /api/calendar/status/ HTTP/1.1" 200 19
[04/May/2026 17:29:29] "GET /api/team/members/ HTTP/1.1" 200 2
[04/May/2026 17:29:31] "GET /api/mydesk/chat/contacts/ HTTP/1.1" 200 404
[04/May/2026 17:29:31] "GET /api/mydesk/chat/conversations/ HTTP/1.1" 200 2
[04/May/2026 17:29:31] "GET /api/mydesk/todos/?type=task&include_attachments=0 HTTP/1.1" 200 2
[04/May/2026 17:29:31] "GET /api/mydesk/chat/contacts/ HTTP/1.1" 200 404
[04/May/2026 17:29:31] "GET /api/mydesk/chat/conversations/ HTTP/1.1" 200 2
[04/May/2026 17:29:31] "GET /api/mydesk/todos/?type=task&include_attachments=0 HTTP/1.1" 200 2
[04/May/2026 17:29:31] "GET /api/mydesk/chat/contacts/ HTTP/1.1" 200 404
[04/May/2026 17:29:38] "GET /api/v1/auth/me/ HTTP/1.1" 200 227
[04/May/2026 17:29:38] "GET /api/v1/auth/me/ HTTP/1.1" 200 227
[04/May/2026 17:29:38] "GET /api/v1/auth/me/ HTTP/1.1" 200 227
[04/May/2026 17:29:38] "GET /api/v1/auth/me/ HTTP/1.1" 200 227
[04/May/2026 17:29:40] "GET /api/v1/auth/me/ HTTP/1.1" 200 227
[04/May/2026 17:29:40] "GET /api/v1/auth/me/ HTTP/1.1" 200 227
[04/May/2026 17:29:40] "GET /api/v1/auth/me/ HTTP/1.1" 200 227
[04/May/2026 17:29:40] "GET /api/v1/workforce/?page_size=200 HTTP/1.1" 200 10578
[04/May/2026 17:29:47] "GET /api/v1/auth/me/ HTTP/1.1" 200 227
[04/May/2026 17:29:47] "GET /api/v1/auth/me/ HTTP/1.1" 200 227
[04/May/2026 17:29:49] "GET /api/v1/auth/me/ HTTP/1.1" 200 227
[04/May/2026 17:29:49] "GET /api/v1/auth/me/ HTTP/1.1" 200 227
[04/May/2026 17:29:49] "GET /api/calendar/status/ HTTP/1.1" 200 19
[04/May/2026 17:29:49] "GET /api/mydesk/notes/ HTTP/1.1" 200 378
[04/May/2026 17:29:49] "GET /api/calendar/status/ HTTP/1.1" 200 19
[04/May/2026 17:29:49] "GET /api/mydesk/notes/ HTTP/1.1" 200 378
[04/May/2026 17:29:49] "GET /api/team/members/ HTTP/1.1" 200 2
[04/May/2026 17:29:49] "GET /api/team/members/ HTTP/1.1" 200 2
[04/May/2026 17:29:50] "GET /api/mydesk/chat/contacts/ HTTP/1.1" 200 404
[04/May/2026 17:29:50] "GET /api/mydesk/chat/conversations/ HTTP/1.1" 200 2
[04/May/2026 17:29:50] "GET /api/mydesk/chat/contacts/ HTTP/1.1" 200 404
[04/May/2026 17:29:50] "GET /api/mydesk/chat/conversations/ HTTP/1.1" 200 2
[04/May/2026 17:29:50] "GET /api/mydesk/chat/contacts/ HTTP/1.1" 200 404
[04/May/2026 17:29:51] "POST /api/mydesk/chat/conversations/ HTTP/1.1" 201 197
[04/May/2026 17:29:51] "GET /api/mydesk/chat/conversations/1/messages/ HTTP/1.1" 200 2
[04/May/2026 17:29:51] "POST /api/mydesk/chat/conversations/1/read/ HTTP/1.1" 200 17
[04/May/2026 17:29:51] "GET /api/mydesk/chat/conversations/ HTTP/1.1" 200 199
[04/May/2026 17:29:52] "POST /api/mydesk/chat/conversations/ HTTP/1.1" 201 258
[04/May/2026 17:29:52] "GET /api/mydesk/chat/conversations/2/messages/ HTTP/1.1" 200 2
[04/May/2026 17:29:52] "POST /api/mydesk/chat/conversations/2/read/ HTTP/1.1" 200 17
[04/May/2026 17:29:52] "GET /api/mydesk/chat/conversations/ HTTP/1.1" 200 458
[04/May/2026 17:29:53] "POST /api/mydesk/chat/conversations/ HTTP/1.1" 201 266
[04/May/2026 17:29:53] "GET /api/mydesk/chat/conversations/3/messages/ HTTP/1.1" 200 2
[04/May/2026 17:29:53] "POST /api/mydesk/chat/conversations/3/read/ HTTP/1.1" 200 17
[04/May/2026 17:29:53] "GET /api/mydesk/chat/conversations/ HTTP/1.1" 200 725
[04/May/2026 17:29:57] "GET /api/mydesk/chat/conversations/3/messages/ HTTP/1.1" 200 2
[04/May/2026 17:29:58] "GET /api/mydesk/chat/conversations/ HTTP/1.1" 200 725
[04/May/2026 17:29:58] "GET /api/mydesk/chat/conversations/ HTTP/1.1" 200 725
[04/May/2026 17:30:00] "GET /api/mydesk/expenses/?timeline=all&sort_by=spent_on&sort_order=desc HTTP/1.1" 200 2
[04/May/2026 17:30:00] "GET /api/mydesk/expenses/?timeline=all&sort_by=spent_on&sort_order=desc HTTP/1.1" 200 2
[04/May/2026 17:30:01] "GET /api/mydesk/attendance/overview/?month=2026-05 HTTP/1.1" 200 4114
[04/May/2026 17:30:01] "GET /api/mydesk/attendance/overview/?month=2026-05 HTTP/1.1" 200 4114
[04/May/2026 17:30:01] "GET /api/mydesk/attendance/rulebook/ HTTP/1.1" 200 406
[04/May/2026 17:30:01] "GET /api/mydesk/attendance/score/?month=2026-05 HTTP/1.1" 200 31
[04/May/2026 17:30:01] "GET /api/mydesk/attendance/rulebook/ HTTP/1.1" 200 406
[04/May/2026 17:30:01] "GET /api/mydesk/attendance/score/?month=2026-05 HTTP/1.1" 200 31
[04/May/2026 17:30:02] "GET /api/mydesk/payroll/overview/?month=2026-05&regime=new HTTP/1.1" 200 4092
[04/May/2026 17:30:02] "GET /api/mydesk/payroll/overview/?month=2026-05&regime=new HTTP/1.1" 200 4092
[04/May/2026 17:30:03] "GET /api/mydesk/leaves/ HTTP/1.1" 200 2
[04/May/2026 17:30:03] "GET /api/mydesk/leaves/ HTTP/1.1" 200 2
[04/May/2026 17:30:04] "GET /api/mydesk/gallery/albums/ HTTP/1.1" 200 2
[04/May/2026 17:30:04] "GET /api/mydesk/gallery/albums/ HTTP/1.1" 200 2
[04/May/2026 17:30:04] "POST /api/mydesk/gallery/albums/ HTTP/1.1" 201 111
[04/May/2026 17:30:04] "GET /api/mydesk/gallery/items/?sort_by=created_at&sort_order=desc HTTP/1.1" 200 2
Internal Server Error: /api/mydesk/gallery/albums/
Traceback (most recent call last):
  File "C:\Users\Asus\AppData\Roaming\Python\Python310\site-packages\django\db\backends\utils.py", line 105, in _execute
    return self.cursor.execute(sql, params)
  File "C:\Users\Asus\AppData\Roaming\Python\Python310\site-packages\psycopg\cursor.py", line 117, in execute
    raise ex.with_traceback(None)
psycopg.errors.UniqueViolation: duplicate key value violates unique constraint "mydesk_galleryalbum_org_id_user_id_name_f2a0e5be_uniq"
DETAIL:  Key (org_id, user_id, name)=(, 1, General) already exists.

The above exception was the direct cause of the following exception:

Traceback (most recent call last):
  File "C:\Users\Asus\AppData\Roaming\Python\Python310\site-packages\django\core\handlers\exception.py", line 55, in inner
    response = get_response(request)
  File "C:\Users\Asus\AppData\Roaming\Python\Python310\site-packages\django\core\handlers\base.py", line 197, in _get_response
    response = wrapped_callback(request, *callback_args, **callback_kwargs)
  File "C:\Users\Asus\AppData\Roaming\Python\Python310\site-packages\django\views\decorators\csrf.py", line 65, in _view_wrapper
    return view_func(request, *args, **kwargs)
  File "C:\Users\Asus\AppData\Roaming\Python\Python310\site-packages\django\views\generic\base.py", line 104, in view
    return self.dispatch(request, *args, **kwargs)
  File "C:\Users\Asus\AppData\Roaming\Python\Python310\site-packages\rest_framework\views.py", line 515, in dispatch
    response = self.handle_exception(exc)
  File "C:\Users\Asus\AppData\Roaming\Python\Python310\site-packages\rest_framework\views.py", line 475, in handle_exception
    self.raise_uncaught_exception(exc)
  File "C:\Users\Asus\AppData\Roaming\Python\Python310\site-packages\rest_framework\views.py", line 486, in raise_uncaught_exception
    raise exc
  File "C:\Users\Asus\AppData\Roaming\Python\Python310\site-packages\rest_framework\views.py", line 512, in dispatch
    response = handler(request, *args, **kwargs)
  File "d:\Janki\product-sheet-design\backend\core\mydesk\views.py", line 7029, in post
    album = serializer.save(user=request.user, org_id=self.get_org_id())
  File "C:\Users\Asus\AppData\Roaming\Python\Python310\site-packages\rest_framework\serializers.py", line 210, in save
    self.instance = self.create(validated_data)
  File "C:\Users\Asus\AppData\Roaming\Python\Python310\site-packages\rest_framework\serializers.py", line 991, in create
    instance = ModelClass._default_manager.create(**validated_data)
  File "C:\Users\Asus\AppData\Roaming\Python\Python310\site-packages\django\db\models\manager.py", line 87, in manager_method
    return getattr(self.get_queryset(), name)(*args, **kwargs)
  File "C:\Users\Asus\AppData\Roaming\Python\Python310\site-packages\django\db\models\query.py", line 679, in create
    obj.save(force_insert=True, using=self.db)
  File "C:\Users\Asus\AppData\Roaming\Python\Python310\site-packages\django\db\models\base.py", line 892, in save
    self.save_base(
  File "C:\Users\Asus\AppData\Roaming\Python\Python310\site-packages\django\db\models\base.py", line 998, in save_base
    updated = self._save_table(
  File "C:\Users\Asus\AppData\Roaming\Python\Python310\site-packages\django\db\models\base.py", line 1161, in _save_table
    results = self._do_insert(
  File "C:\Users\Asus\AppData\Roaming\Python\Python310\site-packages\django\db\models\base.py", line 1202, in _do_insert
    return manager._insert(
  File "C:\Users\Asus\AppData\Roaming\Python\Python310\site-packages\django\db\models\manager.py", line 87, in manager_method
    return getattr(self.get_queryset(), name)(*args, **kwargs)
  File "C:\Users\Asus\AppData\Roaming\Python\Python310\site-packages\django\db\models\query.py", line 1847, in _insert
    return query.get_compiler(using=using).execute_sql(returning_fields)
  File "C:\Users\Asus\AppData\Roaming\Python\Python310\site-packages\django\db\models\sql\compiler.py", line 1836, in execute_sql
    cursor.execute(sql, params)
  File "C:\Users\Asus\AppData\Roaming\Python\Python310\site-packages\django\db\backends\utils.py", line 122, in execute
    return super().execute(sql, params)
  File "C:\Users\Asus\AppData\Roaming\Python\Python310\site-packages\django\db\backends\utils.py", line 79, in execute
    return self._execute_with_wrappers(
  File "C:\Users\Asus\AppData\Roaming\Python\Python310\site-packages\django\db\backends\utils.py", line 92, in _execute_with_wrappers
    return executor(sql, params, many, context)
  File "C:\Users\Asus\AppData\Roaming\Python\Python310\site-packages\django\db\backends\utils.py", line 100, in _execute
    with self.db.wrap_database_errors:
  File "C:\Users\Asus\AppData\Roaming\Python\Python310\site-packages\django\db\utils.py", line 91, in __exit__
    raise dj_exc_value.with_traceback(traceback) from exc_value
  File "C:\Users\Asus\AppData\Roaming\Python\Python310\site-packages\django\db\backends\utils.py", line 105, in _execute
    return self.cursor.execute(sql, params)
  File "C:\Users\Asus\AppData\Roaming\Python\Python310\site-packages\psycopg\cursor.py", line 117, in execute
    raise ex.with_traceback(None)
django.db.utils.IntegrityError: duplicate key value violates unique constraint "mydesk_galleryalbum_org_id_user_id_name_f2a0e5be_uniq"
DETAIL:  Key (org_id, user_id, name)=(, 1, General) already exists.
[04/May/2026 17:30:04] "POST /api/mydesk/gallery/albums/ HTTP/1.1" 500 205858
[04/May/2026 17:30:05] "GET /api/mydesk/notes/ HTTP/1.1" 200 378
[04/May/2026 17:30:05] "GET /api/mydesk/notes/ HTTP/1.1" 200 378
[04/May/2026 17:30:07] "GET /api/v1/auth/me/ HTTP/1.1" 200 227
[04/May/2026 17:30:07] "GET /api/v1/auth/me/ HTTP/1.1" 200 227
[04/May/2026 17:30:07] "GET /api/v1/auth/me/ HTTP/1.1" 200 227
[04/May/2026 17:30:07] "GET /api/v1/auth/me/ HTTP/1.1" 200 227
[04/May/2026 17:30:15] "GET /api/v1/auth/me/ HTTP/1.1" 200 227
[04/May/2026 17:30:16] "GET /api/v1/auth/me/ HTTP/1.1" 200 227
[04/May/2026 17:30:16] "GET /api/v1/auth/me/ HTTP/1.1" 200 227
[04/May/2026 17:30:19] "GET /api/v1/auth/me/ HTTP/1.1" 200 227
[04/May/2026 17:30:19] "GET /api/v1/auth/me/ HTTP/1.1" 200 227
[04/May/2026 17:30:19] "GET /api/calendar/status/ HTTP/1.1" 200 19
[04/May/2026 17:30:19] "GET /api/mydesk/notes/ HTTP/1.1" 200 378
[04/May/2026 17:30:19] "GET /api/calendar/status/ HTTP/1.1" 200 19
[04/May/2026 17:30:19] "GET /api/mydesk/notes/ HTTP/1.1" 200 378
[04/May/2026 17:30:19] "GET /api/team/members/ HTTP/1.1" 200 2
[04/May/2026 17:30:19] "GET /api/team/members/ HTTP/1.1" 200 2
[04/May/2026 17:30:21] "GET /api/calendar/auth/ HTTP/1.1" 200 545
calendar_callback exchange_code failed for user 1: (invalid_grant) Missing code verifier.
Traceback (most recent call last):
  File "d:\Janki\product-sheet-design\backend\calendar_integration\views.py", line 55, in calendar_callback
    creds = services.exchange_code(code)
  File "d:\Janki\product-sheet-design\backend\calendar_integration\services.py", line 57, in exchange_code
    flow.fetch_token(code=code)
  File "C:\Users\Asus\AppData\Roaming\Python\Python310\site-packages\google_auth_oauthlib\flow.py", line 285, in fetch_token
    return self.oauth2session.fetch_token(self.client_config["token_uri"], **kwargs)
  File "C:\Users\Asus\AppData\Roaming\Python\Python310\site-packages\requests_oauthlib\oauth2_session.py", line 406, in fetch_token
    self._client.parse_request_body_response(r.text, scope=self.scope)
  File "C:\Users\Asus\AppData\Roaming\Python\Python310\site-packages\oauthlib\oauth2\rfc6749\clients\base.py", line 426, in parse_request_body_response
    self.token = parse_token_response(body, scope=scope)
  File "C:\Users\Asus\AppData\Roaming\Python\Python310\site-packages\oauthlib\oauth2\rfc6749\parameters.py", line 444, in parse_token_response
    validate_token_parameters(params)
  File "C:\Users\Asus\AppData\Roaming\Python\Python310\site-packages\oauthlib\oauth2\rfc6749\parameters.py", line 451, in validate_token_parameters
    raise_from_error(params.get('error'), params)
  File "C:\Users\Asus\AppData\Roaming\Python\Python310\site-packages\oauthlib\oauth2\rfc6749\errors.py", line 398, in raise_from_error
    raise cls(**kwargs)
oauthlib.oauth2.rfc6749.errors.InvalidGrantError: (invalid_grant) Missing code verifier.

Bad Request: /api/calendar/callback/
[04/May/2026 17:30:42] "GET /api/calendar/callback/?code=4%2F0AeoWuM_NyA1HrzMGG33c_B4GAUvI9B2Ld0H_zO4rkMYLR4ZjmUlXnf0h0MXAriLVkG1fLw HTTP/1.1" 400 50
[04/May/2026 17:30:43] "GET /api/v1/auth/me/ HTTP/1.1" 200 227
[04/May/2026 17:30:43] "GET /api/v1/auth/me/ HTTP/1.1" 200 227
[04/May/2026 17:30:43] "GET /api/calendar/status/ HTTP/1.1" 200 19
[04/May/2026 17:30:43] "GET /api/mydesk/notes/ HTTP/1.1" 200 378
[04/May/2026 17:30:43] "GET /api/calendar/status/ HTTP/1.1" 200 19
[04/May/2026 17:30:43] "GET /api/mydesk/notes/ HTTP/1.1" 200 378
[04/May/2026 17:30:43] "GET /api/team/members/ HTTP/1.1" 200 2
[04/May/2026 17:30:43] "GET /api/team/members/ HTTP/1.1" 200 2
[04/May/2026 17:30:46] "GET /api/v1/auth/me/ HTTP/1.1" 200 227
[04/May/2026 17:30:46] "GET /api/v1/auth/me/ HTTP/1.1" 200 227
[04/May/2026 17:30:46] "GET /api/calendar/status/ HTTP/1.1" 200 19
[04/May/2026 17:30:46] "GET /api/mydesk/notes/ HTTP/1.1" 200 378
[04/May/2026 17:30:46] "GET /api/team/members/ HTTP/1.1" 200 2
[04/May/2026 17:30:46] "GET /api/calendar/status/ HTTP/1.1" 200 19
[04/May/2026 17:30:46] "GET /api/mydesk/notes/ HTTP/1.1" 200 378
[04/May/2026 17:30:46] "GET /api/team/members/ HTTP/1.1" 200 2
[04/May/2026 17:31:14] "GET /api/v1/auth/me/ HTTP/1.1" 200 227
[04/May/2026 17:31:14] "GET /api/v1/auth/me/ HTTP/1.1" 200 227
[04/May/2026 17:31:14] "GET /api/v1/auth/me/ HTTP/1.1" 200 227
[04/May/2026 17:31:14] "GET /api/v1/auth/me/ HTTP/1.1" 200 227
[04/May/2026 17:31:16] "GET /api/v1/auth/me/ HTTP/1.1" 200 227
[04/May/2026 17:31:16] "GET /api/v1/auth/me/ HTTP/1.1" 200 227
[04/May/2026 17:31:16] "GET /api/v1/auth/me/ HTTP/1.1" 200 227
[04/May/2026 17:31:16] "GET /api/v1/workforce/?page_size=200 HTTP/1.1" 200 10578
[04/May/2026 17:31:21] "GET /api/v1/auth/me/ HTTP/1.1" 200 227
[04/May/2026 17:31:21] "GET /api/v1/workforce/8/ HTTP/1.1" 200 1176
[04/May/2026 17:31:21] "GET /api/v1/auth/me/ HTTP/1.1" 200 227
[04/May/2026 17:31:21] "GET /api/v1/auth/me/ HTTP/1.1" 200 227
[04/May/2026 17:31:21] "GET /api/v1/workforce/meta/ HTTP/1.1" 200 5369
[04/May/2026 17:31:21] "GET /api/v1/auth/me/ HTTP/1.1" 200 227
[04/May/2026 17:31:21] "GET /api/v1/workforce/8/ HTTP/1.1" 200 1176
[04/May/2026 17:31:21] "GET /api/v1/workforce/meta/ HTTP/1.1" 200 5369
[04/May/2026 17:31:21] "GET /api/v1/workforce/?page_size=200 HTTP/1.1" 200 10578
[04/May/2026 17:31:21] "GET /api/v1/workforce/?page_size=200 HTTP/1.1" 200 10578
[04/May/2026 17:33:17] "GET /api/v1/auth/me/ HTTP/1.1" 200 227
[04/May/2026 17:33:52,445] - Broken pipe from ('127.0.0.1', 49681)
[04/May/2026 17:34:14] "GET /api/v1/auth/me/ HTTP/1.1" 200 227
[04/May/2026 17:35:17] "GET /api/v1/auth/me/ HTTP/1.1" 200 227
[04/May/2026 17:37:17] "GET /api/v1/auth/me/ HTTP/1.1" 200 227
D:\Janki\product-sheet-design\backend\workforce\views.py changed, reloading.
May 04, 2026 - 17:26:43
Django version 5.1.7, using settings 'config.settings'
Starting development server at http://127.0.0.1:8000/
Quit the server with CTRL-BREAK.

Watching for file changes with StatReloader
C:\Users\Asus\AppData\Roaming\Python\Python310\site-packages\google\api_core\_python_version_support.py:275: FutureWarning: You are using a Python version (3.10.6) which Google will stop supporting in new releases of google.api_core once it reaches its end of life (2026-10-04). Please upgrade to the latest Python version, or at least Python 3.11, to continue receiving updates for google.api_core past that date.
  warnings.warn(message, FutureWarning)
Performing system checks...

System check identified no issues (0 silenced).
D:\Janki\product-sheet-design\backend\workforce\views.py changed, reloading.
May 04, 2026 - 17:38:00
Django version 5.1.7, using settings 'config.settings'
Starting development server at http://127.0.0.1:8000/
Quit the server with CTRL-BREAK.

Watching for file changes with StatReloader
C:\Users\Asus\AppData\Roaming\Python\Python310\site-packages\google\api_core\_python_version_support.py:275: FutureWarning: You are using a Python version (3.10.6) which Google will stop supporting in new releases of google.api_core once it reaches its end of life (2026-10-04). Please upgrade to the latest Python version, or at least Python 3.11, to continue receiving updates for google.api_core past that date.
  warnings.warn(message, FutureWarning)
Performing system checks...

System check identified no issues (0 silenced).
D:\Janki\product-sheet-design\backend\workforce\views.py changed, reloading.
May 04, 2026 - 17:39:01
Django version 5.1.7, using settings 'config.settings'
Starting development server at http://127.0.0.1:8000/
Quit the server with CTRL-BREAK.

Watching for file changes with StatReloader
C:\Users\Asus\AppData\Roaming\Python\Python310\site-packages\google\api_core\_python_version_support.py:275: FutureWarning: You are using a Python version (3.10.6) which Google will stop supporting in new releases of google.api_core once it reaches its end of life (2026-10-04). Please upgrade to the latest Python version, or at least Python 3.11, to continue receiving updates for google.api_core past that date.
  warnings.warn(message, FutureWarning)
Performing system checks...

System check identified no issues (0 silenced).
Unauthorized: /api/v1/auth/me/
Unauthorized: /api/v1/auth/me/
[04/May/2026 18:08:30] "GET /api/v1/auth/me/ HTTP/1.1" 401 291
Unauthorized: /api/v1/auth/me/
[04/May/2026 18:08:30] "GET /api/v1/auth/me/ HTTP/1.1" 401 291
[04/May/2026 18:08:30] "GET /api/v1/auth/me/ HTTP/1.1" 401 291
[04/May/2026 18:08:30] "POST /api/v1/auth/refresh/ HTTP/1.1" 200 307
[04/May/2026 18:08:30] "POST /api/v1/auth/refresh/ HTTP/1.1" 200 307
[04/May/2026 18:08:30] "POST /api/v1/auth/refresh/ HTTP/1.1" 200 307
[04/May/2026 18:08:30] "GET /api/v1/auth/me/ HTTP/1.1" 200 227
[04/May/2026 18:08:30] "GET /api/v1/auth/me/ HTTP/1.1" 200 227
[04/May/2026 18:08:30] "GET /api/v1/auth/me/ HTTP/1.1" 200 227
[04/May/2026 18:08:30] "GET /api/v1/workforce/?page_size=200 HTTP/1.1" 200 10578
[04/May/2026 18:08:40] "GET /api/v1/auth/me/ HTTP/1.1" 200 227
[04/May/2026 18:08:42] "GET /api/v1/auth/me/ HTTP/1.1" 200 227
[04/May/2026 18:08:42] "GET /api/v1/auth/me/ HTTP/1.1" 200 227
[04/May/2026 18:08:42] "GET /api/v1/workforce/?page_size=200 HTTP/1.1" 200 10578
[04/May/2026 18:08:42] "GET /api/v1/auth/me/ HTTP/1.1" 200 227
[04/May/2026 18:08:43] "GET /api/v1/auth/me/ HTTP/1.1" 200 227
[04/May/2026 18:08:43] "GET /api/v1/workforce/meta/ HTTP/1.1" 200 5369
[04/May/2026 18:08:43] "GET /api/v1/workforce/meta/ HTTP/1.1" 200 5369
[04/May/2026 18:08:43] "GET /api/v1/auth/me/ HTTP/1.1" 200 227
[04/May/2026 18:08:43] "GET /api/v1/auth/me/ HTTP/1.1" 200 227
[04/May/2026 18:08:43] "GET /api/v1/auth/me/ HTTP/1.1" 200 227
[04/May/2026 18:08:43] "GET /api/v1/workforce/?page_size=200 HTTP/1.1" 200 10578
[04/May/2026 18:08:43] "GET /api/v1/workforce/?page_size=200 HTTP/1.1" 200 10578
[04/May/2026 18:08:44] "GET /api/v1/workforce/8/ HTTP/1.1" 200 1176
[04/May/2026 18:08:44] "GET /api/v1/workforce/8/ HTTP/1.1" 200 1176
[04/May/2026 18:08:48] "GET /api/v1/auth/me/ HTTP/1.1" 200 227
[04/May/2026 18:08:48] "GET /api/v1/workforce/meta/ HTTP/1.1" 200 5369
[04/May/2026 18:08:48] "GET /api/v1/workforce/8/ HTTP/1.1" 200 1176
[04/May/2026 18:08:48] "GET /api/v1/workforce/8/ HTTP/1.1" 200 1176
[04/May/2026 18:08:48] "GET /api/v1/auth/me/ HTTP/1.1" 200 227
[04/May/2026 18:08:48] "GET /api/v1/auth/me/ HTTP/1.1" 200 227
[04/May/2026 18:08:48] "GET /api/v1/workforce/meta/ HTTP/1.1" 200 5369
[04/May/2026 18:08:48] "GET /api/v1/auth/me/ HTTP/1.1" 200 227
[04/May/2026 18:08:48] "GET /api/v1/workforce/?page_size=200 HTTP/1.1" 200 10578
[04/May/2026 18:08:48] "GET /api/v1/workforce/?page_size=200 HTTP/1.1" 200 10578
[04/May/2026 18:08:59] "PATCH /api/v1/workforce/8/ HTTP/1.1" 200 1182
[04/May/2026 18:08:59] "GET /api/v1/workforce/?page_size=200 HTTP/1.1" 200 10584
[04/May/2026 18:08:59] "GET /api/v1/workforce/?page_size=200 HTTP/1.1" 200 10584
[04/May/2026 18:09:01] "GET /api/v1/auth/me/ HTTP/1.1" 200 233
[04/May/2026 18:09:01] "GET /api/v1/auth/me/ HTTP/1.1" 200 233
[04/May/2026 18:09:01] "GET /api/v1/auth/me/ HTTP/1.1" 200 233
[04/May/2026 18:09:01] "GET /api/v1/workforce/?page_size=200 HTTP/1.1" 200 10584
[04/May/2026 18:09:15] "GET / HTTP/1.1" 200 95
[04/May/2026 18:09:17] "GET / HTTP/1.1" 200 95
Not Found: /favicon.ico
[04/May/2026 18:09:18] "GET /favicon.ico HTTP/1.1" 404 20806
[04/May/2026 18:09:23] "GET /admin HTTP/1.1" 301 0
[04/May/2026 18:09:23] "GET /admin/ HTTP/1.1" 302 0
[04/May/2026 18:09:24] "GET /admin/login/?next=/admin/ HTTP/1.1" 200 4160
[04/May/2026 18:09:24] "GET /static/admin/css/base.css HTTP/1.1" 304 0
[04/May/2026 18:09:24] "GET /static/admin/css/dark_mode.css HTTP/1.1" 304 0
[04/May/2026 18:09:24] "GET /static/admin/css/nav_sidebar.css HTTP/1.1" 304 0
[04/May/2026 18:09:24] "GET /static/admin/js/theme.js HTTP/1.1" 304 0
[04/May/2026 18:09:24] "GET /static/admin/css/responsive.css HTTP/1.1" 304 0
[04/May/2026 18:09:24] "GET /static/admin/js/theme.js HTTP/1.1" 304 0
[04/May/2026 18:09:24] "GET /static/admin/js/nav_sidebar.js HTTP/1.1" 304 0
[04/May/2026 18:09:24] "GET /static/admin/js/nav_sidebar.js HTTP/1.1" 304 0
[04/May/2026 18:09:24] "GET /static/admin/css/login.css HTTP/1.1" 200 951
[04/May/2026 18:09:26] "POST /admin/login/?next=/admin/ HTTP/1.1" 200 4322
[04/May/2026 18:09:29] "POST /admin/login/?next=/admin/ HTTP/1.1" 200 4322
[04/May/2026 18:09:31] "POST /admin/login/?next=/admin/ HTTP/1.1" 200 4322
[04/May/2026 18:09:33] "POST /admin/login/?next=/admin/ HTTP/1.1" 200 4322
[04/May/2026 18:09:34] "POST /admin/login/?next=/admin/ HTTP/1.1" 200 4322
[04/May/2026 18:09:38] "POST /admin/login/?next=/admin/ HTTP/1.1" 200 4322
[04/May/2026 18:09:40] "GET /api/v1/auth/me/ HTTP/1.1" 200 233
[04/May/2026 18:09:41] "GET /admin/auth/user/ HTTP/1.1" 302 0
[04/May/2026 18:09:41] "GET /admin/login/?next=/admin/auth/user/ HTTP/1.1" 200 4180
[04/May/2026 18:09:47] "GET / HTTP/1.1" 200 95
[04/May/2026 18:10:17] "GET /admin/ HTTP/1.1" 302 0
[04/May/2026 18:10:17] "GET /admin/login/?next=/admin/ HTTP/1.1" 200 4160
[04/May/2026 18:10:23] "POST /admin/login/?next=/admin/ HTTP/1.1" 200 4322
[04/May/2026 18:11:02] "GET /api/v1/auth/me/ HTTP/1.1" 200 233
[04/May/2026 18:13:02] "GET /api/v1/auth/me/ HTTP/1.1" 200 233
[04/May/2026 18:14:38] "POST /admin/login/?next=/admin/ HTTP/1.1" 302 0
[04/May/2026 18:14:38] "GET /admin/ HTTP/1.1" 200 53943
[04/May/2026 18:14:38] "GET /static/admin/css/dashboard.css HTTP/1.1" 200 441
[04/May/2026 18:14:38] "GET /static/admin/img/icon-addlink.svg HTTP/1.1" 304 0
[04/May/2026 18:14:38] "GET /static/admin/img/icon-changelink.svg HTTP/1.1" 200 380
[04/May/2026 18:14:41] "GET /admin/accounts/user/ HTTP/1.1" 200 46382
[04/May/2026 18:14:41] "GET /static/admin/css/changelists.css HTTP/1.1" 304 0
[04/May/2026 18:14:41] "GET /static/admin/js/actions.js HTTP/1.1" 304 0
[04/May/2026 18:14:41] "GET /static/admin/js/core.js HTTP/1.1" 304 0
[04/May/2026 18:14:41] "GET /static/admin/js/jquery.init.js HTTP/1.1" 304 0
[04/May/2026 18:14:41] "GET /static/admin/js/vendor/jquery/jquery.js HTTP/1.1" 304 0
[04/May/2026 18:14:41] "GET /static/admin/js/urlify.js HTTP/1.1" 304 0
[04/May/2026 18:14:41] "GET /static/admin/js/admin/RelatedObjectLookups.js HTTP/1.1" 304 0
[04/May/2026 18:14:41] "GET /static/admin/js/vendor/xregexp/xregexp.js HTTP/1.1" 304 0
[04/May/2026 18:14:41] "GET /static/admin/js/prepopulate.js HTTP/1.1" 304 0
[04/May/2026 18:14:41] "GET /static/admin/img/search.svg HTTP/1.1" 304 0
[04/May/2026 18:14:41] "GET /static/admin/img/icon-yes.svg HTTP/1.1" 304 0
[04/May/2026 18:14:41] "GET /static/admin/js/actions.js HTTP/1.1" 304 0
[04/May/2026 18:14:41] "GET /static/admin/img/icon-no.svg HTTP/1.1" 200 560
[04/May/2026 18:14:41] "GET /static/admin/js/filters.js HTTP/1.1" 304 0
[04/May/2026 18:14:41] "GET /admin/jsi18n/ HTTP/1.1" 200 3342
[04/May/2026 18:14:41] "GET /static/admin/img/tooltag-add.svg HTTP/1.1" 304 0
[04/May/2026 18:14:41] "GET /static/admin/img/sorting-icons.svg HTTP/1.1" 304 0
[04/May/2026 18:14:41] "GET /static/admin/img/icon-viewlink.svg HTTP/1.1" 304 0
[04/May/2026 18:14:41] "GET /static/admin/js/jquery.init.js HTTP/1.1" 304 0
[04/May/2026 18:14:41] "GET /static/admin/js/core.js HTTP/1.1" 304 0
[04/May/2026 18:14:41] "GET /static/admin/js/urlify.js HTTP/1.1" 304 0
[04/May/2026 18:14:41] "GET /static/admin/js/admin/RelatedObjectLookups.js HTTP/1.1" 304 0
[04/May/2026 18:14:41] "GET /static/admin/js/vendor/jquery/jquery.js HTTP/1.1" 304 0
[04/May/2026 18:14:41] "GET /static/admin/js/prepopulate.js HTTP/1.1" 304 0
[04/May/2026 18:14:41] "GET /static/admin/js/vendor/xregexp/xregexp.js HTTP/1.1" 304 0
[04/May/2026 18:14:41] "GET /static/admin/js/filters.js HTTP/1.1" 304 0
[04/May/2026 18:14:41] "GET /admin/jsi18n/ HTTP/1.1" 200 3342
[04/May/2026 18:14:52] "GET /api/v1/auth/me/ HTTP/1.1" 200 233
[04/May/2026 18:15:02] "GET /api/v1/auth/me/ HTTP/1.1" 200 233
[04/May/2026 18:15:06] "GET /api/v1/auth/me/ HTTP/1.1" 200 233
[04/May/2026 18:16:25] "GET /api/v1/auth/me/ HTTP/1.1" 200 233
[04/May/2026 18:16:26] "GET /api/v1/auth/me/ HTTP/1.1" 200 233
[04/May/2026 18:16:26] "GET /api/v1/auth/me/ HTTP/1.1" 200 233
[04/May/2026 18:16:28] "GET /api/v1/auth/me/ HTTP/1.1" 200 233
[04/May/2026 18:16:28] "GET /api/v1/auth/me/ HTTP/1.1" 200 233
[04/May/2026 18:16:28] "GET /api/calendar/status/ HTTP/1.1" 200 19
[04/May/2026 18:16:28] "GET /api/mydesk/notes/ HTTP/1.1" 200 378
[04/May/2026 18:16:28] "GET /api/calendar/status/ HTTP/1.1" 200 19
[04/May/2026 18:16:28] "GET /api/mydesk/notes/ HTTP/1.1" 200 378
[04/May/2026 18:16:28] "GET /api/team/members/ HTTP/1.1" 200 2
[04/May/2026 18:16:28] "GET /api/team/members/ HTTP/1.1" 200 2
[04/May/2026 18:16:32] "GET /api/mydesk/chat/contacts/ HTTP/1.1" 200 404
[04/May/2026 18:16:32] "GET /api/mydesk/chat/conversations/ HTTP/1.1" 200 725
[04/May/2026 18:16:32] "GET /api/mydesk/chat/contacts/ HTTP/1.1" 200 404
[04/May/2026 18:16:32] "GET /api/mydesk/chat/contacts/ HTTP/1.1" 200 404
[04/May/2026 18:16:32] "GET /api/mydesk/chat/conversations/ HTTP/1.1" 200 725
[04/May/2026 18:16:33] "GET /api/mydesk/chat/conversations/3/messages/ HTTP/1.1" 200 2
[04/May/2026 18:16:33] "POST /api/mydesk/chat/conversations/3/read/ HTTP/1.1" 200 17
[04/May/2026 18:16:34] "GET /api/mydesk/chat/conversations/2/messages/ HTTP/1.1" 200 2
[04/May/2026 18:16:34] "POST /api/mydesk/chat/conversations/2/read/ HTTP/1.1" 200 17
[04/May/2026 18:16:35] "GET /api/mydesk/chat/conversations/1/messages/ HTTP/1.1" 200 2
[04/May/2026 18:16:35] "POST /api/mydesk/chat/conversations/1/read/ HTTP/1.1" 200 17
[04/May/2026 18:16:36] "GET /api/v1/auth/me/ HTTP/1.1" 200 233
[04/May/2026 18:16:36] "GET /api/v1/auth/me/ HTTP/1.1" 200 233
[04/May/2026 18:16:36] "GET /api/v1/auth/me/ HTTP/1.1" 200 233
[04/May/2026 18:16:36] "GET /api/v1/auth/me/ HTTP/1.1" 200 233
[04/May/2026 18:16:38] "GET /api/v1/auth/me/ HTTP/1.1" 200 233
[04/May/2026 18:16:38] "GET /api/v1/auth/me/ HTTP/1.1" 200 233
[04/May/2026 18:16:38] "GET /api/v1/auth/me/ HTTP/1.1" 200 233
[04/May/2026 18:16:38] "GET /api/v1/workforce/?page_size=200 HTTP/1.1" 200 10584
[04/May/2026 18:16:43] "GET /api/v1/auth/me/ HTTP/1.1" 200 233
[04/May/2026 18:16:43] "GET /api/v1/auth/me/ HTTP/1.1" 200 233
D:\Janki\product-sheet-design\backend\workforce\views.py changed, reloading.
May 04, 2026 - 18:04:34
Django version 5.1.7, using settings 'config.settings'
Starting development server at http://127.0.0.1:8000/
Quit the server with CTRL-BREAK.

Watching for file changes with StatReloader
C:\Users\Asus\AppData\Roaming\Python\Python310\site-packages\google\api_core\_python_version_support.py:275: FutureWarning: You are using a Python version (3.10.6) which Google will stop supporting in new releases of google.api_core once it reaches its end of life (2026-10-04). Please upgrade to the latest Python version, or at least Python 3.11, to continue receiving updates for google.api_core past that date.
  warnings.warn(message, FutureWarning)
Performing system checks...

System check identified no issues (0 silenced).
[04/May/2026 18:16:56] "POST /api/v1/auth/google/ HTTP/1.1" 200 740
[04/May/2026 18:16:56] "GET /api/v1/auth/me/ HTTP/1.1" 200 233
[04/May/2026 18:16:56] "GET /api/v1/auth/me/ HTTP/1.1" 200 233
D:\Janki\product-sheet-design\backend\workforce\views.py changed, reloading.
May 04, 2026 - 18:16:51
Django version 5.1.7, using settings 'config.settings'
Starting development server at http://127.0.0.1:8000/
Quit the server with CTRL-BREAK.

Watching for file changes with StatReloader
C:\Users\Asus\AppData\Roaming\Python\Python310\site-packages\google\api_core\_python_version_support.py:275: FutureWarning: You are using a Python version (3.10.6) which Google will stop supporting in new releases of google.api_core once it reaches its end of life (2026-10-04). Please upgrade to the latest Python version, or at least Python 3.11, to continue receiving updates for google.api_core past that date.
  warnings.warn(message, FutureWarning)
Performing system checks...

System check identified no issues (0 silenced).
[04/May/2026 18:17:21] "GET /admin/accounts/user/ HTTP/1.1" 200 47972
[04/May/2026 18:17:21] "GET /admin/jsi18n/ HTTP/1.1" 200 3342
[04/May/2026 18:17:21] "GET /admin/jsi18n/ HTTP/1.1" 200 3342
